<?xml version="1.0" encoding="UTF-8"?>
<!-- Generated by org.testng.reporters.JUnitReportReporter -->
<testsuite hostname="poorvid" failures="0" tests="1" name="circleci.test.firstTest" time="3.304" errors="0" timestamp="2021-10-12T18:33:16 IST" skipped="0">
  <testcase classname="circleci.test.firstTest" name="test" time="3.304"/>
  <system-out/>
</testsuite> <!-- circleci.test.firstTest -->
